<?xml version="1.0" encoding="UTF-8"?>
<!-- Generated by org.testng.reporters.JUnitReportReporter -->
<testsuite hostname="DESKTOP-G609BEC" failures="0" tests="2" name="org.flipkart.addtocart.InsertProductToCart" time="77.860" errors="0" timestamp="2022-10-07T11:28:31 IST" skipped="0">
  <testcase classname="org.flipkart.addtocart.InsertProductToCart" name="insertProductToCart" time="33.666"/>
  <system-out/>
  <testcase classname="org.flipkart.addtocart.InsertProductToCart" name="insertProductToCart" time="44.194"/>
  <system-out/>
</testsuite> <!-- org.flipkart.addtocart.InsertProductToCart -->
